============================= test session starts =============================
platform win32 -- Python 3.12.10, pytest-8.4.2, pluggy-1.6.0 -- C:\Software\Coder\coder-preentrega-3\.venv\Scripts\python.exe
cachedir: .pytest_cache
rootdir: C:\Software\Coder\coder-preentrega-3
configfile: pytest.ini
testpaths: tests
plugins: anyio-4.15.1, langsmith-0.14.0, asyncio-1.2.0, mock-3.15.1, respx-0.23.1
asyncio: mode=Mode.AUTO, debug=False, asyncio_default_fixture_loop_scope=None, asyncio_default_test_loop_scope=function
collecting ... collected 31 items

tests/test_ingesta.py::test_cargar_documentos_data PASSED                [  3%]
tests/test_ingesta.py::test_chunk_size_minimo_500 PASSED                 [  6%]
tests/test_ingesta.py::test_chunk_size_menor_a_500_falla PASSED          [  9%]
tests/test_ingesta.py::test_overlap_menor_a_50_falla PASSED              [ 12%]
tests/test_ingesta.py::test_fragmentar_produce_varios_chunks PASSED      [ 16%]
tests/test_ingesta.py::test_ingesta_persiste_y_no_reindexa PASSED        [ 19%]
tests/test_ingesta.py::test_retriever_k_4 PASSED                         [ 22%]
tests/test_ingesta.py::test_data_vacia PASSED                            [ 25%]
tests/test_ingesta.py::test_top_k_fuera_de_rango PASSED                  [ 29%]
tests/test_models.py::test_build_model_creates_chat_openai PASSED        [ 32%]
tests/test_models.py::test_missing_api_key_raises PASSED                 [ 35%]
tests/test_models.py::test_invalid_provider_raises PASSED                [ 38%]
tests/test_models.py::test_missing_anthropic_y_openai_keys PASSED        [ 41%]
tests/test_models.py::test_get_model_anthropic_y_gemini PASSED           [ 45%]
tests/test_models.py::test_respuesta_vacia PASSED                        [ 48%]
tests/test_models.py::test_esquema_valido PASSED                         [ 51%]
tests/test_rag.py::test_pregunta_en_documentos PASSED                    [ 54%]
tests/test_rag.py::test_pregunta_trampa_no_alucina PASSED                [ 58%]
tests/test_rag.py::test_pregunta_trampa_texto_plano_no_es_error_de_parseo PASSED [ 61%]
tests/test_rag.py::test_retriever_vacio_no_llama_al_llm PASSED           [ 64%]
tests/test_rag.py::test_parse_mensaje_acepta_rechazo_en_texto_plano PASSED [ 67%]
tests/test_rag.py::test_formatear_documentos_incluye_fuente PASSED       [ 70%]
tests/test_rag.py::test_parser_llm_es_pydantic_output_parser PASSED      [ 74%]
tests/test_retries.py::test_transient_errors_are_retryable PASSED        [ 77%]
tests/test_retries.py::test_chain_retries_on_transient_error PASSED      [ 80%]
tests/test_retries.py::test_non_transient_does_not_retry PASSED          [ 83%]
tests/test_retries.py::test_truncation_is_retryable PASSED               [ 87%]
tests/test_retries.py::test_finish_reason_length_no_transforma PASSED    [ 90%]
tests/test_retries.py::test_process_query_vacio PASSED                   [ 93%]
tests/test_retries.py::test_get_rag_response_429_queda_controlado PASSED [ 96%]
tests/test_retries.py::test_get_rag_response_incompleto_tras_retry PASSED [100%]

============================= 31 passed in 7.09s ==============================
